{"/Users/huy/Desktop/spotify/backend/services/emotionService.js": {"path":"/Users/huy/Desktop/spotify/backend/services/emotionService.js","statementMap":{"0":{"start":{"line":1,"column":14},"end":{"line":1,"column":30}},"1":{"start":{"line":2,"column":0},"end":{"line":2,"column":27}},"2":{"start":{"line":4,"column":19},"end":{"line":4,"column":41}},"3":{"start":{"line":5,"column":19},"end":{"line":5,"column":98}},"4":{"start":{"line":8,"column":2},"end":{"line":28,"column":3}},"5":{"start":{"line":9,"column":21},"end":{"line":18,"column":5}},"6":{"start":{"line":19,"column":17},"end":{"line":19,"column":30}},"7":{"start":{"line":21,"column":4},"end":{"line":23,"column":5}},"8":{"start":{"line":22,"column":6},"end":{"line":22,"column":36}},"9":{"start":{"line":24,"column":4},"end":{"line":24,"column":21}},"10":{"start":{"line":26,"column":4},"end":{"line":26,"column":54}},"11":{"start":{"line":27,"column":4},"end":{"line":27,"column":21}},"12":{"start":{"line":31,"column":0},"end":{"line":31,"column":35}}},"fnMap":{"0":{"name":"detectEmotion","decl":{"start":{"line":7,"column":15},"end":{"line":7,"column":28}},"loc":{"start":{"line":7,"column":35},"end":{"line":29,"column":1}},"line":7}},"branchMap":{"0":{"loc":{"start":{"line":21,"column":4},"end":{"line":23,"column":5}},"type":"if","locations":[{"start":{"line":21,"column":4},"end":{"line":23,"column":5}},{"start":{},"end":{}}],"line":21},"1":{"loc":{"start":{"line":21,"column":8},"end":{"line":21,"column":54}},"type":"binary-expr","locations":[{"start":{"line":21,"column":8},"end":{"line":21,"column":27}},{"start":{"line":21,"column":31},"end":{"line":21,"column":54}}],"line":21}},"s":{"0":1,"1":1,"2":1,"3":1,"4":3,"5":3,"6":2,"7":2,"8":1,"9":1,"10":1,"11":1,"12":1},"f":{"0":3},"b":{"0":[1,1],"1":[2,2]},"_coverageSchema":"1a1c01bbd47fc00a2c39e90264f33305004495a9","hash":"5c7b8f892a0bff7217ca7155c4a221796991e1ce"}
,"/Users/huy/Desktop/spotify/backend/services/tidalService.js": {"path":"/Users/huy/Desktop/spotify/backend/services/tidalService.js","statementMap":{"0":{"start":{"line":1,"column":14},"end":{"line":1,"column":30}},"1":{"start":{"line":2,"column":0},"end":{"line":2,"column":27}},"2":{"start":{"line":4,"column":49},"end":{"line":4,"column":60}},"3":{"start":{"line":7,"column":18},"end":{"line":7,"column":22}},"4":{"start":{"line":8,"column":22},"end":{"line":8,"column":23}},"5":{"start":{"line":11,"column":24},"end":{"line":11,"column":53}},"6":{"start":{"line":13,"column":4},"end":{"line":15,"column":5}},"7":{"start":{"line":14,"column":8},"end":{"line":14,"column":27}},"8":{"start":{"line":17,"column":4},"end":{"line":37,"column":5}},"9":{"start":{"line":18,"column":21},"end":{"line":29,"column":9}},"10":{"start":{"line":31,"column":8},"end":{"line":31,"column":45}},"11":{"start":{"line":32,"column":8},"end":{"line":32,"column":61}},"12":{"start":{"line":33,"column":8},"end":{"line":33,"column":27}},"13":{"start":{"line":35,"column":8},"end":{"line":35,"column":83}},"14":{"start":{"line":36,"column":8},"end":{"line":36,"column":63}},"15":{"start":{"line":41,"column":4},"end":{"line":54,"column":5}},"16":{"start":{"line":42,"column":23},"end":{"line":44,"column":8}},"17":{"start":{"line":45,"column":6},"end":{"line":45,"column":40}},"18":{"start":{"line":47,"column":6},"end":{"line":50,"column":8}},"19":{"start":{"line":53,"column":6},"end":{"line":53,"column":61}},"20":{"start":{"line":58,"column":24},"end":{"line":58,"column":51}},"21":{"start":{"line":59,"column":16},"end":{"line":59,"column":64}},"22":{"start":{"line":61,"column":4},"end":{"line":82,"column":5}},"23":{"start":{"line":62,"column":25},"end":{"line":68,"column":10}},"24":{"start":{"line":70,"column":22},"end":{"line":70,"column":40}},"25":{"start":{"line":71,"column":8},"end":{"line":78,"column":10}},"26":{"start":{"line":80,"column":8},"end":{"line":80,"column":83}},"27":{"start":{"line":81,"column":8},"end":{"line":81,"column":57}},"28":{"start":{"line":86,"column":24},"end":{"line":86,"column":51}},"29":{"start":{"line":87,"column":16},"end":{"line":87,"column":92}},"30":{"start":{"line":89,"column":4},"end":{"line":108,"column":5}},"31":{"start":{"line":90,"column":25},"end":{"line":96,"column":10}},"32":{"start":{"line":99,"column":8},"end":{"line":104,"column":12}},"33":{"start":{"line":99,"column":48},"end":{"line":104,"column":9}},"34":{"start":{"line":106,"column":8},"end":{"line":106,"column":92}},"35":{"start":{"line":107,"column":8},"end":{"line":107,"column":58}},"36":{"start":{"line":113,"column":16},"end":{"line":113,"column":28}},"37":{"start":{"line":114,"column":4},"end":{"line":115,"column":56}},"38":{"start":{"line":114,"column":33},"end":{"line":114,"column":53}},"39":{"start":{"line":115,"column":9},"end":{"line":115,"column":56}},"40":{"start":{"line":115,"column":34},"end":{"line":115,"column":56}},"41":{"start":{"line":117,"column":24},"end":{"line":117,"column":51}},"42":{"start":{"line":118,"column":16},"end":{"line":118,"column":53}},"43":{"start":{"line":120,"column":4},"end":{"line":144,"column":5}},"44":{"start":{"line":121,"column":25},"end":{"line":131,"column":10}},"45":{"start":{"line":134,"column":8},"end":{"line":140,"column":12}},"46":{"start":{"line":134,"column":48},"end":{"line":140,"column":9}},"47":{"start":{"line":142,"column":8},"end":{"line":142,"column":88}},"48":{"start":{"line":143,"column":8},"end":{"line":143,"column":61}},"49":{"start":{"line":149,"column":0},"end":{"line":155,"column":2}}},"fnMap":{"0":{"name":"getTidalAccessTokenTest","decl":{"start":{"line":10,"column":15},"end":{"line":10,"column":38}},"loc":{"start":{"line":10,"column":41},"end":{"line":38,"column":1}},"line":10},"1":{"name":"getTidalAccessToken","decl":{"start":{"line":40,"column":15},"end":{"line":40,"column":34}},"loc":{"start":{"line":40,"column":37},"end":{"line":55,"column":1}},"line":40},"2":{"name":"getAlbumDetails","decl":{"start":{"line":57,"column":15},"end":{"line":57,"column":30}},"loc":{"start":{"line":57,"column":40},"end":{"line":83,"column":1}},"line":57},"3":{"name":"getSimilarTracks","decl":{"start":{"line":85,"column":15},"end":{"line":85,"column":31}},"loc":{"start":{"line":85,"column":41},"end":{"line":109,"column":1}},"line":85},"4":{"name":"(anonymous_4)","decl":{"start":{"line":99,"column":38},"end":{"line":99,"column":39}},"loc":{"start":{"line":99,"column":48},"end":{"line":104,"column":9}},"line":99},"5":{"name":"getTracksForMood","decl":{"start":{"line":112,"column":15},"end":{"line":112,"column":31}},"loc":{"start":{"line":112,"column":43},"end":{"line":145,"column":1}},"line":112},"6":{"name":"(anonymous_6)","decl":{"start":{"line":134,"column":38},"end":{"line":134,"column":39}},"loc":{"start":{"line":134,"column":48},"end":{"line":140,"column":9}},"line":134}},"branchMap":{"0":{"loc":{"start":{"line":13,"column":4},"end":{"line":15,"column":5}},"type":"if","locations":[{"start":{"line":13,"column":4},"end":{"line":15,"column":5}},{"start":{},"end":{}}],"line":13},"1":{"loc":{"start":{"line":13,"column":8},"end":{"line":13,"column":52}},"type":"binary-expr","locations":[{"start":{"line":13,"column":8},"end":{"line":13,"column":19}},{"start":{"line":13,"column":23},"end":{"line":13,"column":52}}],"line":13},"2":{"loc":{"start":{"line":35,"column":44},"end":{"line":35,"column":81}},"type":"binary-expr","locations":[{"start":{"line":35,"column":44},"end":{"line":35,"column":64}},{"start":{"line":35,"column":68},"end":{"line":35,"column":81}}],"line":35},"3":{"loc":{"start":{"line":49,"column":8},"end":{"line":49,"column":45}},"type":"binary-expr","locations":[{"start":{"line":49,"column":8},"end":{"line":49,"column":28}},{"start":{"line":49,"column":32},"end":{"line":49,"column":45}}],"line":49},"4":{"loc":{"start":{"line":80,"column":44},"end":{"line":80,"column":81}},"type":"binary-expr","locations":[{"start":{"line":80,"column":44},"end":{"line":80,"column":64}},{"start":{"line":80,"column":68},"end":{"line":80,"column":81}}],"line":80},"5":{"loc":{"start":{"line":106,"column":53},"end":{"line":106,"column":90}},"type":"binary-expr","locations":[{"start":{"line":106,"column":53},"end":{"line":106,"column":73}},{"start":{"line":106,"column":77},"end":{"line":106,"column":90}}],"line":106},"6":{"loc":{"start":{"line":114,"column":4},"end":{"line":115,"column":56}},"type":"if","locations":[{"start":{"line":114,"column":4},"end":{"line":115,"column":56}},{"start":{"line":115,"column":9},"end":{"line":115,"column":56}}],"line":114},"7":{"loc":{"start":{"line":115,"column":9},"end":{"line":115,"column":56}},"type":"if","locations":[{"start":{"line":115,"column":9},"end":{"line":115,"column":56}},{"start":{},"end":{}}],"line":115},"8":{"loc":{"start":{"line":142,"column":53},"end":{"line":142,"column":86}},"type":"binary-expr","locations":[{"start":{"line":142,"column":53},"end":{"line":142,"column":71}},{"start":{"line":142,"column":75},"end":{"line":142,"column":86}}],"line":142}},"s":{"0":1,"1":1,"2":1,"3":1,"4":1,"5":0,"6":0,"7":0,"8":0,"9":0,"10":0,"11":0,"12":0,"13":0,"14":0,"15":6,"16":6,"17":5,"18":1,"19":1,"20":1,"21":1,"22":1,"23":1,"24":1,"25":1,"26":0,"27":0,"28":1,"29":1,"30":1,"31":1,"32":1,"33":1,"34":0,"35":0,"36":2,"37":2,"38":1,"39":1,"40":1,"41":2,"42":2,"43":2,"44":2,"45":1,"46":1,"47":1,"48":1,"49":1},"f":{"0":0,"1":6,"2":1,"3":1,"4":1,"5":2,"6":1},"b":{"0":[0,0],"1":[0,0],"2":[0,0],"3":[1,1],"4":[0,0],"5":[0,0],"6":[1,1],"7":[1,0],"8":[1,1]},"_coverageSchema":"1a1c01bbd47fc00a2c39e90264f33305004495a9","hash":"4f10f1d16ccf1cb0d27af0915a76ebf6bc12c84f"}
}
