{"/Users/huy/Desktop/spotify/backend/server.js": {"path":"/Users/huy/Desktop/spotify/backend/server.js","statementMap":{"0":{"start":{"line":12,"column":12},"end":{"line":12,"column":21}},"1":{"start":{"line":13,"column":13},"end":{"line":13,"column":37}},"2":{"start":{"line":16,"column":0},"end":{"line":16,"column":16}},"3":{"start":{"line":17,"column":0},"end":{"line":17,"column":27}},"4":{"start":{"line":19,"column":0},"end":{"line":19,"column":38}},"5":{"start":{"line":20,"column":0},"end":{"line":20,"column":36}},"6":{"start":{"line":21,"column":0},"end":{"line":21,"column":38}},"7":{"start":{"line":23,"column":0},"end":{"line":25,"column":3}},"8":{"start":{"line":24,"column":2},"end":{"line":24,"column":50}}},"fnMap":{"0":{"name":"(anonymous_0)","decl":{"start":{"line":23,"column":13},"end":{"line":23,"column":14}},"loc":{"start":{"line":23,"column":27},"end":{"line":25,"column":1}},"line":23}},"branchMap":{"0":{"loc":{"start":{"line":13,"column":13},"end":{"line":13,"column":37}},"type":"binary-expr","locations":[{"start":{"line":13,"column":13},"end":{"line":13,"column":29}},{"start":{"line":13,"column":33},"end":{"line":13,"column":37}}],"line":13}},"s":{"0":3,"1":3,"2":3,"3":3,"4":3,"5":3,"6":3,"7":3,"8":0},"f":{"0":0},"b":{"0":[3,0]},"_coverageSchema":"1a1c01bbd47fc00a2c39e90264f33305004495a9","hash":"1a4470b931212a60ac8613b35764e099fb780c2d"}
,"/Users/huy/Desktop/spotify/backend/routes/emotionRoute.js": {"path":"/Users/huy/Desktop/spotify/backend/routes/emotionRoute.js","statementMap":{"0":{"start":{"line":5,"column":15},"end":{"line":5,"column":31}},"1":{"start":{"line":7,"column":0},"end":{"line":20,"column":3}},"2":{"start":{"line":8,"column":19},"end":{"line":8,"column":27}},"3":{"start":{"line":9,"column":2},"end":{"line":11,"column":3}},"4":{"start":{"line":10,"column":4},"end":{"line":10,"column":65}},"5":{"start":{"line":13,"column":2},"end":{"line":19,"column":3}},"6":{"start":{"line":14,"column":17},"end":{"line":14,"column":42}},"7":{"start":{"line":15,"column":4},"end":{"line":15,"column":30}},"8":{"start":{"line":17,"column":4},"end":{"line":17,"column":61}},"9":{"start":{"line":18,"column":4},"end":{"line":18,"column":68}}},"fnMap":{"0":{"name":"(anonymous_0)","decl":{"start":{"line":7,"column":17},"end":{"line":7,"column":18}},"loc":{"start":{"line":7,"column":37},"end":{"line":20,"column":1}},"line":7}},"branchMap":{"0":{"loc":{"start":{"line":9,"column":2},"end":{"line":11,"column":3}},"type":"if","locations":[{"start":{"line":9,"column":2},"end":{"line":11,"column":3}},{"start":{},"end":{}}],"line":9}},"s":{"0":3,"1":3,"2":2,"3":2,"4":1,"5":1,"6":1,"7":1,"8":0,"9":0},"f":{"0":2},"b":{"0":[1,1]},"_coverageSchema":"1a1c01bbd47fc00a2c39e90264f33305004495a9","hash":"3cb7c40376792dc032c8f9091e7a118df604b170"}
,"/Users/huy/Desktop/spotify/backend/routes/openaiRoute.js": {"path":"/Users/huy/Desktop/spotify/backend/routes/openaiRoute.js","statementMap":{"0":{"start":{"line":5,"column":15},"end":{"line":5,"column":31}},"1":{"start":{"line":7,"column":0},"end":{"line":20,"column":3}},"2":{"start":{"line":8,"column":29},"end":{"line":8,"column":37}},"3":{"start":{"line":9,"column":2},"end":{"line":11,"column":3}},"4":{"start":{"line":10,"column":4},"end":{"line":10,"column":63}},"5":{"start":{"line":13,"column":2},"end":{"line":19,"column":3}},"6":{"start":{"line":14,"column":18},"end":{"line":14,"column":62}},"7":{"start":{"line":15,"column":4},"end":{"line":15,"column":24}},"8":{"start":{"line":17,"column":4},"end":{"line":17,"column":69}},"9":{"start":{"line":18,"column":4},"end":{"line":18,"column":61}}},"fnMap":{"0":{"name":"(anonymous_0)","decl":{"start":{"line":7,"column":26},"end":{"line":7,"column":27}},"loc":{"start":{"line":7,"column":46},"end":{"line":20,"column":1}},"line":7}},"branchMap":{"0":{"loc":{"start":{"line":9,"column":2},"end":{"line":11,"column":3}},"type":"if","locations":[{"start":{"line":9,"column":2},"end":{"line":11,"column":3}},{"start":{},"end":{}}],"line":9}},"s":{"0":3,"1":3,"2":2,"3":2,"4":1,"5":1,"6":1,"7":1,"8":0,"9":0},"f":{"0":2},"b":{"0":[1,1]},"_coverageSchema":"1a1c01bbd47fc00a2c39e90264f33305004495a9","hash":"a97ef6ccc77d432060af67e6b73f1f50c9b0b63c"}
,"/Users/huy/Desktop/spotify/backend/routes/spotifyRoute.js": {"path":"/Users/huy/Desktop/spotify/backend/routes/spotifyRoute.js","statementMap":{"0":{"start":{"line":7,"column":15},"end":{"line":7,"column":31}},"1":{"start":{"line":9,"column":0},"end":{"line":41,"column":3}},"2":{"start":{"line":10,"column":19},"end":{"line":10,"column":27}},"3":{"start":{"line":12,"column":2},"end":{"line":14,"column":3}},"4":{"start":{"line":13,"column":4},"end":{"line":13,"column":65}},"5":{"start":{"line":16,"column":2},"end":{"line":40,"column":3}},"6":{"start":{"line":18,"column":17},"end":{"line":18,"column":55}},"7":{"start":{"line":21,"column":18},"end":{"line":21,"column":58}},"8":{"start":{"line":24,"column":27},"end":{"line":24,"column":29}},"9":{"start":{"line":25,"column":4},"end":{"line":33,"column":5}},"10":{"start":{"line":26,"column":32},"end":{"line":26,"column":36}},"11":{"start":{"line":27,"column":6},"end":{"line":27,"column":27}},"12":{"start":{"line":27,"column":18},"end":{"line":27,"column":27}},"13":{"start":{"line":29,"column":24},"end":{"line":29,"column":56}},"14":{"start":{"line":30,"column":6},"end":{"line":32,"column":7}},"15":{"start":{"line":31,"column":8},"end":{"line":31,"column":39}},"16":{"start":{"line":35,"column":4},"end":{"line":35,"column":57}},"17":{"start":{"line":38,"column":4},"end":{"line":38,"column":68}},"18":{"start":{"line":39,"column":4},"end":{"line":39,"column":61}}},"fnMap":{"0":{"name":"(anonymous_0)","decl":{"start":{"line":9,"column":21},"end":{"line":9,"column":22}},"loc":{"start":{"line":9,"column":41},"end":{"line":41,"column":1}},"line":9}},"branchMap":{"0":{"loc":{"start":{"line":12,"column":2},"end":{"line":14,"column":3}},"type":"if","locations":[{"start":{"line":12,"column":2},"end":{"line":14,"column":3}},{"start":{},"end":{}}],"line":12},"1":{"loc":{"start":{"line":18,"column":17},"end":{"line":18,"column":55}},"type":"binary-expr","locations":[{"start":{"line":18,"column":17},"end":{"line":18,"column":42}},{"start":{"line":18,"column":46},"end":{"line":18,"column":55}}],"line":18},"2":{"loc":{"start":{"line":27,"column":6},"end":{"line":27,"column":27}},"type":"if","locations":[{"start":{"line":27,"column":6},"end":{"line":27,"column":27}},{"start":{},"end":{}}],"line":27},"3":{"loc":{"start":{"line":30,"column":6},"end":{"line":32,"column":7}},"type":"if","locations":[{"start":{"line":30,"column":6},"end":{"line":32,"column":7}},{"start":{},"end":{}}],"line":30}},"s":{"0":3,"1":3,"2":2,"3":2,"4":1,"5":1,"6":1,"7":1,"8":1,"9":1,"10":2,"11":2,"12":0,"13":2,"14":2,"15":2,"16":1,"17":0,"18":0},"f":{"0":2},"b":{"0":[1,1],"1":[1,0],"2":[0,2],"3":[2,0]},"_coverageSchema":"1a1c01bbd47fc00a2c39e90264f33305004495a9","hash":"7640c0b7ea60bf69ac920e5b6a27febb8f0fb9c9"}
,"/Users/huy/Desktop/spotify/backend/services/emotionService.js": {"path":"/Users/huy/Desktop/spotify/backend/services/emotionService.js","statementMap":{"0":{"start":{"line":4,"column":21},"end":{"line":4,"column":45}},"1":{"start":{"line":5,"column":18},"end":{"line":5,"column":39}},"2":{"start":{"line":8,"column":24},"end":{"line":16,"column":1}},"3":{"start":{"line":24,"column":2},"end":{"line":24,"column":47}},"4":{"start":{"line":33,"column":2},"end":{"line":63,"column":3}},"5":{"start":{"line":34,"column":21},"end":{"line":42,"column":5}},"6":{"start":{"line":45,"column":24},"end":{"line":47,"column":21}},"7":{"start":{"line":49,"column":4},"end":{"line":51,"column":5}},"8":{"start":{"line":50,"column":6},"end":{"line":50,"column":18}},"9":{"start":{"line":54,"column":19},"end":{"line":54,"column":64}},"10":{"start":{"line":54,"column":46},"end":{"line":54,"column":63}},"11":{"start":{"line":55,"column":21},"end":{"line":55,"column":50}},"12":{"start":{"line":58,"column":4},"end":{"line":58,"column":31}},"13":{"start":{"line":61,"column":4},"end":{"line":61,"column":68}},"14":{"start":{"line":62,"column":4},"end":{"line":62,"column":16}}},"fnMap":{"0":{"name":"mapToMood","decl":{"start":{"line":23,"column":9},"end":{"line":23,"column":18}},"loc":{"start":{"line":23,"column":28},"end":{"line":25,"column":1}},"line":23},"1":{"name":"detectEmotion","decl":{"start":{"line":32,"column":22},"end":{"line":32,"column":35}},"loc":{"start":{"line":32,"column":42},"end":{"line":64,"column":1}},"line":32},"2":{"name":"(anonymous_2)","decl":{"start":{"line":54,"column":36},"end":{"line":54,"column":37}},"loc":{"start":{"line":54,"column":46},"end":{"line":54,"column":63}},"line":54}},"branchMap":{"0":{"loc":{"start":{"line":24,"column":9},"end":{"line":24,"column":46}},"type":"binary-expr","locations":[{"start":{"line":24,"column":9},"end":{"line":24,"column":33}},{"start":{"line":24,"column":37},"end":{"line":24,"column":46}}],"line":24},"1":{"loc":{"start":{"line":45,"column":24},"end":{"line":47,"column":21}},"type":"cond-expr","locations":[{"start":{"line":46,"column":8},"end":{"line":46,"column":46}},{"start":{"line":47,"column":8},"end":{"line":47,"column":21}}],"line":45},"2":{"loc":{"start":{"line":49,"column":4},"end":{"line":51,"column":5}},"type":"if","locations":[{"start":{"line":49,"column":4},"end":{"line":51,"column":5}},{"start":{},"end":{}}],"line":49},"3":{"loc":{"start":{"line":49,"column":8},"end":{"line":49,"column":63}},"type":"binary-expr","locations":[{"start":{"line":49,"column":8},"end":{"line":49,"column":35}},{"start":{"line":49,"column":39},"end":{"line":49,"column":63}}],"line":49}},"s":{"0":4,"1":4,"2":4,"3":1,"4":3,"5":3,"6":2,"7":2,"8":1,"9":1,"10":0,"11":1,"12":1,"13":1,"14":1},"f":{"0":1,"1":3,"2":0},"b":{"0":[1,0],"1":[1,1],"2":[1,1],"3":[2,2]},"_coverageSchema":"1a1c01bbd47fc00a2c39e90264f33305004495a9","hash":"7de80d8a93b5bc6a0f84d3de972c8d835fc69a41"}
,"/Users/huy/Desktop/spotify/backend/services/openaiService.js": {"path":"/Users/huy/Desktop/spotify/backend/services/openaiService.js","statementMap":{"0":{"start":{"line":4,"column":23},"end":{"line":4,"column":49}},"1":{"start":{"line":15,"column":23},"end":{"line":19,"column":3}},"2":{"start":{"line":21,"column":21},"end":{"line":21,"column":56}},"3":{"start":{"line":23,"column":2},"end":{"line":56,"column":3}},"4":{"start":{"line":24,"column":21},"end":{"line":40,"column":5}},"5":{"start":{"line":42,"column":20},"end":{"line":42,"column":60}},"6":{"start":{"line":45,"column":4},"end":{"line":50,"column":5}},"7":{"start":{"line":46,"column":6},"end":{"line":46,"column":34}},"8":{"start":{"line":48,"column":6},"end":{"line":48,"column":79}},"9":{"start":{"line":49,"column":6},"end":{"line":49,"column":17}},"10":{"start":{"line":52,"column":4},"end":{"line":52,"column":17}},"11":{"start":{"line":54,"column":4},"end":{"line":54,"column":62}},"12":{"start":{"line":55,"column":4},"end":{"line":55,"column":14}}},"fnMap":{"0":{"name":"getSongRecommendations","decl":{"start":{"line":14,"column":22},"end":{"line":14,"column":44}},"loc":{"start":{"line":14,"column":61},"end":{"line":57,"column":1}},"line":14}},"branchMap":{"0":{"loc":{"start":{"line":21,"column":21},"end":{"line":21,"column":56}},"type":"binary-expr","locations":[{"start":{"line":21,"column":21},"end":{"line":21,"column":29}},{"start":{"line":21,"column":33},"end":{"line":21,"column":56}}],"line":21}},"s":{"0":4,"1":3,"2":3,"3":3,"4":3,"5":2,"6":2,"7":2,"8":1,"9":1,"10":2,"11":1,"12":1},"f":{"0":3},"b":{"0":[3,0]},"_coverageSchema":"1a1c01bbd47fc00a2c39e90264f33305004495a9","hash":"4207a7c08c2a2482db4f982a8baa6bea04fa628a"}
,"/Users/huy/Desktop/spotify/backend/services/spotifyService.js": {"path":"/Users/huy/Desktop/spotify/backend/services/spotifyService.js","statementMap":{"0":{"start":{"line":5,"column":53},"end":{"line":5,"column":64}},"1":{"start":{"line":7,"column":25},"end":{"line":7,"column":29}},"2":{"start":{"line":8,"column":22},"end":{"line":8,"column":23}},"3":{"start":{"line":11,"column":2},"end":{"line":13,"column":3}},"4":{"start":{"line":12,"column":4},"end":{"line":12,"column":30}},"5":{"start":{"line":15,"column":19},"end":{"line":15,"column":59}},"6":{"start":{"line":16,"column":22},"end":{"line":16,"column":101}},"7":{"start":{"line":18,"column":2},"end":{"line":38,"column":3}},"8":{"start":{"line":19,"column":21},"end":{"line":28,"column":5}},"9":{"start":{"line":30,"column":17},"end":{"line":30,"column":30}},"10":{"start":{"line":31,"column":4},"end":{"line":31,"column":43}},"11":{"start":{"line":32,"column":4},"end":{"line":32,"column":58}},"12":{"start":{"line":34,"column":4},"end":{"line":34,"column":30}},"13":{"start":{"line":36,"column":4},"end":{"line":36,"column":73}},"14":{"start":{"line":37,"column":4},"end":{"line":37,"column":16}},"15":{"start":{"line":42,"column":2},"end":{"line":78,"column":3}},"16":{"start":{"line":43,"column":18},"end":{"line":43,"column":47}},"17":{"start":{"line":45,"column":16},"end":{"line":45,"column":32}},"18":{"start":{"line":46,"column":4},"end":{"line":48,"column":5}},"19":{"start":{"line":47,"column":6},"end":{"line":47,"column":35}},"20":{"start":{"line":50,"column":16},"end":{"line":54,"column":8}},"21":{"start":{"line":56,"column":21},"end":{"line":60,"column":6}},"22":{"start":{"line":62,"column":19},"end":{"line":62,"column":45}},"23":{"start":{"line":63,"column":4},"end":{"line":65,"column":5}},"24":{"start":{"line":64,"column":6},"end":{"line":64,"column":18}},"25":{"start":{"line":67,"column":18},"end":{"line":67,"column":27}},"26":{"start":{"line":68,"column":4},"end":{"line":74,"column":6}},"27":{"start":{"line":71,"column":37},"end":{"line":71,"column":43}},"28":{"start":{"line":76,"column":4},"end":{"line":76,"column":70}},"29":{"start":{"line":77,"column":4},"end":{"line":77,"column":16}}},"fnMap":{"0":{"name":"getSpotifyAccessToken","decl":{"start":{"line":10,"column":15},"end":{"line":10,"column":36}},"loc":{"start":{"line":10,"column":39},"end":{"line":39,"column":1}},"line":10},"1":{"name":"searchTrack","decl":{"start":{"line":41,"column":22},"end":{"line":41,"column":33}},"loc":{"start":{"line":41,"column":49},"end":{"line":79,"column":1}},"line":41},"2":{"name":"(anonymous_2)","decl":{"start":{"line":71,"column":32},"end":{"line":71,"column":33}},"loc":{"start":{"line":71,"column":37},"end":{"line":71,"column":43}},"line":71}},"branchMap":{"0":{"loc":{"start":{"line":11,"column":2},"end":{"line":13,"column":3}},"type":"if","locations":[{"start":{"line":11,"column":2},"end":{"line":13,"column":3}},{"start":{},"end":{}}],"line":11},"1":{"loc":{"start":{"line":11,"column":6},"end":{"line":11,"column":56}},"type":"binary-expr","locations":[{"start":{"line":11,"column":6},"end":{"line":11,"column":24}},{"start":{"line":11,"column":28},"end":{"line":11,"column":56}}],"line":11},"2":{"loc":{"start":{"line":46,"column":4},"end":{"line":48,"column":5}},"type":"if","locations":[{"start":{"line":46,"column":4},"end":{"line":48,"column":5}},{"start":{},"end":{}}],"line":46},"3":{"loc":{"start":{"line":63,"column":4},"end":{"line":65,"column":5}},"type":"if","locations":[{"start":{"line":63,"column":4},"end":{"line":65,"column":5}},{"start":{},"end":{}}],"line":63},"4":{"loc":{"start":{"line":72,"column":21},"end":{"line":72,"column":85}},"type":"cond-expr","locations":[{"start":{"line":72,"column":53},"end":{"line":72,"column":78}},{"start":{"line":72,"column":81},"end":{"line":72,"column":85}}],"line":72}},"s":{"0":4,"1":4,"2":4,"3":3,"4":2,"5":1,"6":1,"7":1,"8":1,"9":1,"10":1,"11":1,"12":1,"13":0,"14":0,"15":3,"16":3,"17":3,"18":3,"19":3,"20":3,"21":3,"22":2,"23":2,"24":1,"25":1,"26":1,"27":1,"28":1,"29":1},"f":{"0":3,"1":3,"2":1},"b":{"0":[2,1],"1":[3,2],"2":[3,0],"3":[1,1],"4":[1,0]},"_coverageSchema":"1a1c01bbd47fc00a2c39e90264f33305004495a9","hash":"090311ee969a402243b3690b495f7d85dd2f9be2"}
}
