TN:
SF:server.js
FN:23,(anonymous_0)
FNF:1
FNH:0
FNDA:0,(anonymous_0)
DA:12,3
DA:13,3
DA:16,3
DA:17,3
DA:19,3
DA:20,3
DA:21,3
DA:23,3
DA:24,0
LF:9
LH:8
BRDA:13,0,0,3
BRDA:13,0,1,0
BRF:2
BRH:1
end_of_record
TN:
SF:routes/emotionRoute.js
FN:7,(anonymous_0)
FNF:1
FNH:1
FNDA:2,(anonymous_0)
DA:5,3
DA:7,3
DA:8,2
DA:9,2
DA:10,1
DA:13,1
DA:14,1
DA:15,1
DA:17,0
DA:18,0
LF:10
LH:8
BRDA:9,0,0,1
BRDA:9,0,1,1
BRF:2
BRH:2
end_of_record
TN:
SF:routes/openaiRoute.js
FN:7,(anonymous_0)
FNF:1
FNH:1
FNDA:2,(anonymous_0)
DA:5,3
DA:7,3
DA:8,2
DA:9,2
DA:10,1
DA:13,1
DA:14,1
DA:15,1
DA:17,0
DA:18,0
LF:10
LH:8
BRDA:9,0,0,1
BRDA:9,0,1,1
BRF:2
BRH:2
end_of_record
TN:
SF:routes/spotifyRoute.js
FN:9,(anonymous_0)
FNF:1
FNH:1
FNDA:2,(anonymous_0)
DA:7,3
DA:9,3
DA:10,2
DA:12,2
DA:13,1
DA:16,1
DA:18,1
DA:21,1
DA:24,1
DA:25,1
DA:26,2
DA:27,2
DA:29,2
DA:30,2
DA:31,2
DA:35,1
DA:38,0
DA:39,0
LF:18
LH:16
BRDA:12,0,0,1
BRDA:12,0,1,1
BRDA:18,1,0,1
BRDA:18,1,1,0
BRDA:27,2,0,0
BRDA:27,2,1,2
BRDA:30,3,0,2
BRDA:30,3,1,0
BRF:8
BRH:5
end_of_record
TN:
SF:services/emotionService.js
FN:23,mapToMood
FN:32,detectEmotion
FN:54,(anonymous_2)
FNF:3
FNH:2
FNDA:1,mapToMood
FNDA:3,detectEmotion
FNDA:0,(anonymous_2)
DA:4,4
DA:5,4
DA:8,4
DA:24,1
DA:33,3
DA:34,3
DA:45,2
DA:49,2
DA:50,1
DA:54,1
DA:55,1
DA:58,1
DA:61,1
DA:62,1
LF:14
LH:14
BRDA:24,0,0,1
BRDA:24,0,1,0
BRDA:45,1,0,1
BRDA:45,1,1,1
BRDA:49,2,0,1
BRDA:49,2,1,1
BRDA:49,3,0,2
BRDA:49,3,1,2
BRF:8
BRH:7
end_of_record
TN:
SF:services/openaiService.js
FN:14,getSongRecommendations
FNF:1
FNH:1
FNDA:3,getSongRecommendations
DA:4,4
DA:15,3
DA:21,3
DA:23,3
DA:24,3
DA:42,2
DA:45,2
DA:46,2
DA:48,1
DA:49,1
DA:52,2
DA:54,1
DA:55,1
LF:13
LH:13
BRDA:21,0,0,3
BRDA:21,0,1,0
BRF:2
BRH:1
end_of_record
TN:
SF:services/spotifyService.js
FN:10,getSpotifyAccessToken
FN:41,searchTrack
FN:71,(anonymous_2)
FNF:3
FNH:3
FNDA:3,getSpotifyAccessToken
FNDA:3,searchTrack
FNDA:1,(anonymous_2)
DA:5,4
DA:7,4
DA:8,4
DA:11,3
DA:12,2
DA:15,1
DA:16,1
DA:18,1
DA:19,1
DA:30,1
DA:31,1
DA:32,1
DA:34,1
DA:36,0
DA:37,0
DA:42,3
DA:43,3
DA:45,3
DA:46,3
DA:47,3
DA:50,3
DA:56,3
DA:62,2
DA:63,2
DA:64,1
DA:67,1
DA:68,1
DA:71,1
DA:76,1
DA:77,1
LF:30
LH:28
BRDA:11,0,0,2
BRDA:11,0,1,1
BRDA:11,1,0,3
BRDA:11,1,1,2
BRDA:46,2,0,3
BRDA:46,2,1,0
BRDA:63,3,0,1
BRDA:63,3,1,1
BRDA:72,4,0,1
BRDA:72,4,1,0
BRF:10
BRH:8
end_of_record
