TN:
SF:services/emotionService.js
FN:7,detectEmotion
FNF:1
FNH:1
FNDA:3,detectEmotion
DA:1,1
DA:2,1
DA:4,1
DA:5,1
DA:8,3
DA:9,3
DA:19,2
DA:21,2
DA:22,1
DA:24,1
DA:26,1
DA:27,1
DA:31,1
LF:13
LH:13
BRDA:21,0,0,1
BRDA:21,0,1,1
BRDA:21,1,0,2
BRDA:21,1,1,2
BRF:4
BRH:4
end_of_record
TN:
SF:services/tidalService.js
FN:10,getTidalAccessTokenTest
FN:40,getTidalAccessToken
FN:57,getAlbumDetails
FN:85,getSimilarTracks
FN:99,(anonymous_4)
FN:112,getTracksForMood
FN:134,(anonymous_6)
FNF:7
FNH:6
FNDA:0,getTidalAccessTokenTest
FNDA:6,getTidalAccessToken
FNDA:1,getAlbumDetails
FNDA:1,getSimilarTracks
FNDA:1,(anonymous_4)
FNDA:2,getTracksForMood
FNDA:1,(anonymous_6)
DA:1,1
DA:2,1
DA:4,1
DA:7,1
DA:8,1
DA:11,0
DA:13,0
DA:14,0
DA:17,0
DA:18,0
DA:31,0
DA:32,0
DA:33,0
DA:35,0
DA:36,0
DA:41,6
DA:42,6
DA:45,5
DA:47,1
DA:53,1
DA:58,1
DA:59,1
DA:61,1
DA:62,1
DA:70,1
DA:71,1
DA:80,0
DA:81,0
DA:86,1
DA:87,1
DA:89,1
DA:90,1
DA:99,1
DA:106,0
DA:107,0
DA:113,2
DA:114,2
DA:115,1
DA:117,2
DA:118,2
DA:120,2
DA:121,2
DA:134,1
DA:142,1
DA:143,1
DA:149,1
LF:46
LH:32
BRDA:13,0,0,0
BRDA:13,0,1,0
BRDA:13,1,0,0
BRDA:13,1,1,0
BRDA:35,2,0,0
BRDA:35,2,1,0
BRDA:49,3,0,1
BRDA:49,3,1,1
BRDA:80,4,0,0
BRDA:80,4,1,0
BRDA:106,5,0,0
BRDA:106,5,1,0
BRDA:114,6,0,1
BRDA:114,6,1,1
BRDA:115,7,0,1
BRDA:115,7,1,0
BRDA:142,8,0,1
BRDA:142,8,1,1
BRF:18
BRH:7
end_of_record
